2025-04-09 20:49:02,354 [Worker-5: Loading available Gradle versions] INFO  o.e.b.c.i.u.g.PublishedGradleVersions - Gradle version information cache is up-to-date. Trying to read.
2025-04-09 20:54:12,707 [Worker-24: Creating project "simpleMLP"] INFO  o.e.m.c.i.l.LifecycleMappingFactory - Using org.eclipse.m2e.jdt.JarLifecycleMapping lifecycle mapping for MavenProject: com.DL4J:simpleMLP:0.0.1-SNAPSHOT @ /media/oem/VERBATIM HD/informatique/programmes persos/DeepLearning/simple_MLP/simpleMLP/pom.xml.
2025-04-09 20:54:13,960 [Worker-24: Creating project "simpleMLP"] INFO  o.e.m.j.i.AbstractJavaProjectConfigurator - Adding source folder /simpleMLP/src/main/java
2025-04-09 20:54:13,962 [Worker-24: Creating project "simpleMLP"] INFO  o.e.m.j.i.AbstractJavaProjectConfigurator - Adding resource folder /simpleMLP/src/main/resources
2025-04-09 20:54:13,962 [Worker-24: Creating project "simpleMLP"] INFO  o.e.m.j.i.AbstractJavaProjectConfigurator - Adding source folder /simpleMLP/src/test/java
2025-04-09 20:54:13,962 [Worker-24: Creating project "simpleMLP"] INFO  o.e.m.j.i.AbstractJavaProjectConfigurator - Adding resource folder /simpleMLP/src/test/resources
2025-04-09 20:54:17,964 [Worker-32: Building] WARN  o.a.m.s.f.DefaultMavenResourcesFiltering - Using platform encoding (UTF-8 actually) to copy filtered resources, i.e. build is platform dependent!
2025-04-09 20:54:18,072 [Worker-32: Building] INFO  o.a.m.s.f.DefaultMavenResourcesFiltering - Copying 0 resource from src/main/resources to target/classes
2025-04-09 20:54:18,074 [Worker-32: Building] WARN  o.a.m.s.f.DefaultMavenResourcesFiltering - Using platform encoding (UTF-8 actually) to copy filtered resources, i.e. build is platform dependent!
2025-04-09 20:54:18,182 [Worker-32: Building] INFO  o.a.m.s.f.DefaultMavenResourcesFiltering - Copying 0 resource from src/test/resources to target/test-classes
2025-04-09 20:55:40,357 [Worker-22: Building] INFO  o.e.m.c.i.l.LifecycleMappingFactory - Using org.eclipse.m2e.jdt.JarLifecycleMapping lifecycle mapping for MavenProject: com.DL4J:simpleMLP:0.0.1-SNAPSHOT @ /media/oem/VERBATIM HD/informatique/programmes persos/DeepLearning/simple_MLP/simpleMLP/pom.xml.
2025-04-09 20:55:40,964 [Worker-22: Building] WARN  o.a.m.s.f.DefaultMavenResourcesFiltering - Using platform encoding (UTF-8 actually) to copy filtered resources, i.e. build is platform dependent!
2025-04-09 20:55:41,073 [Worker-22: Building] INFO  o.a.m.s.f.DefaultMavenResourcesFiltering - Copying 0 resource from src/main/resources to target/classes
2025-04-09 20:55:41,079 [Worker-22: Building] WARN  o.a.m.s.f.DefaultMavenResourcesFiltering - Using platform encoding (UTF-8 actually) to copy filtered resources, i.e. build is platform dependent!
2025-04-09 20:55:41,182 [Worker-22: Building] INFO  o.a.m.s.f.DefaultMavenResourcesFiltering - Copying 0 resource from src/test/resources to target/test-classes
2025-04-09 20:57:02,622 [Worker-32: Building] INFO  o.e.m.c.i.l.LifecycleMappingFactory - Using org.eclipse.m2e.jdt.JarLifecycleMapping lifecycle mapping for MavenProject: com.DL4J:simpleMLP:0.0.1-SNAPSHOT @ /media/oem/VERBATIM HD/informatique/programmes persos/DeepLearning/simple_MLP/simpleMLP/pom.xml.
2025-04-09 20:57:13,278 [Worker-7: Building] INFO  o.e.m.c.i.l.LifecycleMappingFactory - Using org.eclipse.m2e.jdt.JarLifecycleMapping lifecycle mapping for MavenProject: com.DL4J:simpleMLP:0.0.1-SNAPSHOT @ /media/oem/VERBATIM HD/informatique/programmes persos/DeepLearning/simple_MLP/simpleMLP/pom.xml.
2025-04-09 20:57:13,887 [Worker-7: Building] WARN  o.a.m.s.f.DefaultMavenResourcesFiltering - Using platform encoding (UTF-8 actually) to copy filtered resources, i.e. build is platform dependent!
2025-04-09 20:57:13,992 [Worker-7: Building] INFO  o.a.m.s.f.DefaultMavenResourcesFiltering - Copying 0 resource from src/main/resources to target/classes
2025-04-09 20:57:13,998 [Worker-7: Building] WARN  o.a.m.s.f.DefaultMavenResourcesFiltering - Using platform encoding (UTF-8 actually) to copy filtered resources, i.e. build is platform dependent!
2025-04-09 20:57:14,102 [Worker-7: Building] INFO  o.a.m.s.f.DefaultMavenResourcesFiltering - Copying 0 resource from src/test/resources to target/test-classes
2025-04-09 20:57:16,107 [Worker-21: Building] WARN  o.a.m.s.f.DefaultMavenResourcesFiltering - Using platform encoding (UTF-8 actually) to copy filtered resources, i.e. build is platform dependent!
2025-04-09 20:57:16,214 [Worker-21: Building] INFO  o.a.m.s.f.DefaultMavenResourcesFiltering - Copying 0 resource from src/main/resources to target/classes
2025-04-09 20:57:16,216 [Worker-21: Building] WARN  o.a.m.s.f.DefaultMavenResourcesFiltering - Using platform encoding (UTF-8 actually) to copy filtered resources, i.e. build is platform dependent!
2025-04-09 20:57:16,318 [Worker-21: Building] INFO  o.a.m.s.f.DefaultMavenResourcesFiltering - Copying 0 resource from src/test/resources to target/test-classes
2025-04-09 20:58:48,781 [Worker-22: Building] INFO  o.e.m.c.i.l.LifecycleMappingFactory - Using org.eclipse.m2e.jdt.JarLifecycleMapping lifecycle mapping for MavenProject: com.DL4J:simpleMLP:0.0.1-SNAPSHOT @ /media/oem/VERBATIM HD/informatique/programmes persos/DeepLearning/simple_MLP/simpleMLP/pom.xml.
2025-04-09 20:58:49,368 [Worker-22: Building] WARN  o.a.m.s.f.DefaultMavenResourcesFiltering - Using platform encoding (UTF-8 actually) to copy filtered resources, i.e. build is platform dependent!
2025-04-09 20:58:49,472 [Worker-22: Building] INFO  o.a.m.s.f.DefaultMavenResourcesFiltering - Copying 0 resource from src/main/resources to target/classes
2025-04-09 20:58:49,474 [Worker-22: Building] WARN  o.a.m.s.f.DefaultMavenResourcesFiltering - Using platform encoding (UTF-8 actually) to copy filtered resources, i.e. build is platform dependent!
2025-04-09 20:58:49,583 [Worker-22: Building] INFO  o.a.m.s.f.DefaultMavenResourcesFiltering - Copying 0 resource from src/test/resources to target/test-classes
